2016-07-21 20:33:34,892 [Worker-9] INFO  o.e.m.c.i.l.LifecycleMappingFactory - Using org.eclipse.m2e.jdt.JarLifecycleMapping lifecycle mapping for MavenProject: org.ahea:ahea:0.0.1-SNAPSHOT @ /Users/nohsunghyun/Documents/blindinterview/repo/blindinterview-web-client/web-client/pom.xml.
2016-07-21 20:33:35,631 [Worker-12] INFO  o.e.m.c.i.embedder.EclipseLogger - Using 'UTF-8' encoding to copy filtered resources.
2016-07-21 20:33:35,635 [Worker-12] INFO  o.e.m.c.i.embedder.EclipseLogger - Copying 1 resource
2016-07-21 20:33:35,646 [Worker-12] INFO  o.e.m.c.i.embedder.EclipseLogger - Copying 0 resource
2016-07-21 20:33:35,649 [Worker-12] INFO  o.e.m.c.i.embedder.EclipseLogger - Using 'UTF-8' encoding to copy filtered resources.
2016-07-21 20:33:35,649 [Worker-12] INFO  o.e.m.c.i.embedder.EclipseLogger - skip non existing resourceDirectory /Users/nohsunghyun/Documents/blindinterview/repo/blindinterview-web-client/web-client/src/test/resources
2016-07-21 20:33:35,918 [Worker-9] INFO  o.e.m.j.i.AbstractJavaProjectConfigurator - Adding source folder /web-client/src/main/java
2016-07-21 20:33:35,918 [Worker-9] INFO  o.e.m.j.i.AbstractJavaProjectConfigurator - Adding resource folder /web-client/src/main/resources
2016-07-21 20:33:35,921 [Worker-9] INFO  o.e.m.j.i.AbstractJavaProjectConfigurator - Adding resource folder /web-client/src/main/resources
2016-07-21 20:33:35,928 [Worker-9] INFO  o.e.m.j.i.AbstractJavaProjectConfigurator - Adding source folder /web-client/src/test/java
2016-07-21 20:33:36,141 [Worker-9] INFO  o.e.m.c.i.p.ProjectConfigurationManager - Imported and configured 1 project(s) in 2 sec
2016-07-21 20:33:36,143 [Worker-9] INFO  o.e.m.c.i.p.ProjectConfigurationManager - Update started
2016-07-21 20:33:36,232 [Worker-9] INFO  o.e.m.c.i.l.LifecycleMappingFactory - Using org.eclipse.m2e.jdt.JarLifecycleMapping lifecycle mapping for MavenProject: org.ahea:ahea:0.0.1-SNAPSHOT @ /Users/nohsunghyun/Documents/blindinterview/repo/blindinterview-web-client/web-client/pom.xml.
2016-07-21 20:33:36,419 [Worker-9] INFO  o.e.m.j.i.AbstractJavaProjectConfigurator - Adding source folder /web-client/src/main/java
2016-07-21 20:33:36,419 [Worker-9] INFO  o.e.m.j.i.AbstractJavaProjectConfigurator - Adding resource folder /web-client/src/main/resources
2016-07-21 20:33:36,421 [Worker-9] INFO  o.e.m.j.i.AbstractJavaProjectConfigurator - Adding resource folder /web-client/src/main/resources
2016-07-21 20:33:36,425 [Worker-9] INFO  o.e.m.j.i.AbstractJavaProjectConfigurator - Adding source folder /web-client/src/test/java
2016-07-21 20:33:36,587 [Worker-9] INFO  o.e.m.c.i.l.LifecycleMappingFactory - Using org.eclipse.m2e.jdt.JarLifecycleMapping lifecycle mapping for MavenProject: org.ahea:ahea:0.0.1-SNAPSHOT @ /Users/nohsunghyun/Documents/blindinterview/repo/blindinterview-web-client/web-client/pom.xml.
2016-07-21 20:33:36,657 [Worker-9] INFO  o.e.m.c.i.p.ProjectConfigurationManager - Update completed: 0 sec
2016-07-21 20:33:37,195 [Worker-3] INFO  o.e.m.c.i.embedder.EclipseLogger - Using 'UTF-8' encoding to copy filtered resources.
2016-07-21 20:33:37,195 [Worker-3] INFO  o.e.m.c.i.embedder.EclipseLogger - Copying 1 resource
2016-07-21 20:33:37,195 [Worker-3] INFO  o.e.m.c.i.embedder.EclipseLogger - Copying 0 resource
2016-07-21 20:33:37,197 [Worker-3] INFO  o.e.m.c.i.embedder.EclipseLogger - Using 'UTF-8' encoding to copy filtered resources.
2016-07-21 20:33:37,197 [Worker-3] INFO  o.e.m.c.i.embedder.EclipseLogger - skip non existing resourceDirectory /Users/nohsunghyun/Documents/blindinterview/repo/blindinterview-web-client/web-client/src/test/resources
2016-07-21 20:36:21,462 [Worker-7] INFO  o.e.m.c.i.embedder.EclipseLogger - Using 'UTF-8' encoding to copy filtered resources.
2016-07-21 20:36:21,465 [Worker-7] INFO  o.e.m.c.i.embedder.EclipseLogger - Copying 1 resource
2016-07-21 20:36:21,466 [Worker-7] INFO  o.e.m.c.i.embedder.EclipseLogger - Copying 0 resource
2016-07-21 20:36:21,468 [Worker-7] INFO  o.e.m.c.i.embedder.EclipseLogger - Using 'UTF-8' encoding to copy filtered resources.
2016-07-21 20:36:21,468 [Worker-7] INFO  o.e.m.c.i.embedder.EclipseLogger - skip non existing resourceDirectory /Users/nohsunghyun/Documents/blindinterview/repo/blindinterview-web-client/web-client/src/test/resources
2016-07-21 20:37:10,499 [Worker-10] INFO  o.e.m.c.i.embedder.EclipseLogger - Using 'UTF-8' encoding to copy filtered resources.
2016-07-21 20:37:10,500 [Worker-10] INFO  o.e.m.c.i.embedder.EclipseLogger - Copying 1 resource
2016-07-21 20:37:10,500 [Worker-10] INFO  o.e.m.c.i.embedder.EclipseLogger - Copying 0 resource
2016-07-21 20:37:10,503 [Worker-10] INFO  o.e.m.c.i.embedder.EclipseLogger - Using 'UTF-8' encoding to copy filtered resources.
2016-07-21 20:37:10,503 [Worker-10] INFO  o.e.m.c.i.embedder.EclipseLogger - skip non existing resourceDirectory /Users/nohsunghyun/Documents/blindinterview/repo/blindinterview-web-client/web-client/src/test/resources
2016-07-21 20:37:24,117 [Worker-1] INFO  o.e.m.c.i.embedder.EclipseLogger - Using 'UTF-8' encoding to copy filtered resources.
2016-07-21 20:37:24,117 [Worker-1] INFO  o.e.m.c.i.embedder.EclipseLogger - Copying 0 resource
2016-07-21 20:37:24,117 [Worker-1] INFO  o.e.m.c.i.embedder.EclipseLogger - Copying 0 resource
2016-07-21 20:37:24,119 [Worker-1] INFO  o.e.m.c.i.embedder.EclipseLogger - Using 'UTF-8' encoding to copy filtered resources.
2016-07-21 20:37:24,119 [Worker-1] INFO  o.e.m.c.i.embedder.EclipseLogger - skip non existing resourceDirectory /Users/nohsunghyun/Documents/blindinterview/repo/blindinterview-web-client/web-client/src/test/resources
2016-07-21 20:37:36,855 [Worker-0] INFO  o.e.m.c.i.embedder.EclipseLogger - Using 'UTF-8' encoding to copy filtered resources.
2016-07-21 20:37:36,855 [Worker-0] INFO  o.e.m.c.i.embedder.EclipseLogger - Copying 0 resource
2016-07-21 20:37:36,855 [Worker-0] INFO  o.e.m.c.i.embedder.EclipseLogger - Copying 0 resource
2016-07-21 20:37:36,857 [Worker-0] INFO  o.e.m.c.i.embedder.EclipseLogger - Using 'UTF-8' encoding to copy filtered resources.
2016-07-21 20:37:36,857 [Worker-0] INFO  o.e.m.c.i.embedder.EclipseLogger - skip non existing resourceDirectory /Users/nohsunghyun/Documents/blindinterview/repo/blindinterview-web-client/web-client/src/test/resources
2016-07-21 20:37:47,272 [Worker-12] INFO  o.e.m.c.i.embedder.EclipseLogger - Using 'UTF-8' encoding to copy filtered resources.
2016-07-21 20:37:47,272 [Worker-12] INFO  o.e.m.c.i.embedder.EclipseLogger - Copying 0 resource
2016-07-21 20:37:47,272 [Worker-12] INFO  o.e.m.c.i.embedder.EclipseLogger - Copying 0 resource
2016-07-21 20:37:47,273 [Worker-12] INFO  o.e.m.c.i.embedder.EclipseLogger - Using 'UTF-8' encoding to copy filtered resources.
2016-07-21 20:37:47,274 [Worker-12] INFO  o.e.m.c.i.embedder.EclipseLogger - skip non existing resourceDirectory /Users/nohsunghyun/Documents/blindinterview/repo/blindinterview-web-client/web-client/src/test/resources
2016-07-21 20:38:18,530 [Worker-1] INFO  o.e.m.c.i.l.LifecycleMappingFactory - Using org.eclipse.m2e.jdt.JarLifecycleMapping lifecycle mapping for MavenProject: org.ahea:ahea:0.0.1-SNAPSHOT @ /Users/nohsunghyun/Documents/blindinterview/repo/blindinterview-web-client/web-client/pom.xml.
2016-07-21 20:38:18,752 [Worker-1] INFO  o.e.m.c.i.embedder.EclipseLogger - Using 'UTF-8' encoding to copy filtered resources.
2016-07-21 20:38:18,752 [Worker-1] INFO  o.e.m.c.i.embedder.EclipseLogger - Copying 0 resource
2016-07-21 20:38:18,752 [Worker-1] INFO  o.e.m.c.i.embedder.EclipseLogger - Copying 0 resource
2016-07-21 20:38:18,755 [Worker-1] INFO  o.e.m.c.i.embedder.EclipseLogger - Using 'UTF-8' encoding to copy filtered resources.
2016-07-21 20:38:18,756 [Worker-1] INFO  o.e.m.c.i.embedder.EclipseLogger - skip non existing resourceDirectory /Users/nohsunghyun/Documents/blindinterview/repo/blindinterview-web-client/web-client/src/test/resources
2016-07-21 20:38:20,032 [Worker-9] INFO  o.e.m.c.i.embedder.EclipseLogger - Using 'UTF-8' encoding to copy filtered resources.
2016-07-21 20:38:20,033 [Worker-9] INFO  o.e.m.c.i.embedder.EclipseLogger - Copying 1 resource
2016-07-21 20:38:20,034 [Worker-9] INFO  o.e.m.c.i.embedder.EclipseLogger - Copying 0 resource
2016-07-21 20:38:20,037 [Worker-9] INFO  o.e.m.c.i.embedder.EclipseLogger - Using 'UTF-8' encoding to copy filtered resources.
2016-07-21 20:38:20,037 [Worker-9] INFO  o.e.m.c.i.embedder.EclipseLogger - skip non existing resourceDirectory /Users/nohsunghyun/Documents/blindinterview/repo/blindinterview-web-client/web-client/src/test/resources
2016-07-21 20:38:28,057 [Worker-9] INFO  o.e.m.c.i.embedder.EclipseLogger - Using 'UTF-8' encoding to copy filtered resources.
2016-07-21 20:38:28,057 [Worker-9] INFO  o.e.m.c.i.embedder.EclipseLogger - Copying 1 resource
2016-07-21 20:38:28,058 [Worker-9] INFO  o.e.m.c.i.embedder.EclipseLogger - Copying 0 resource
2016-07-21 20:38:28,059 [Worker-9] INFO  o.e.m.c.i.embedder.EclipseLogger - Using 'UTF-8' encoding to copy filtered resources.
2016-07-21 20:38:28,059 [Worker-9] INFO  o.e.m.c.i.embedder.EclipseLogger - skip non existing resourceDirectory /Users/nohsunghyun/Documents/blindinterview/repo/blindinterview-web-client/web-client/src/test/resources
2016-07-21 20:38:35,092 [Worker-10] INFO  o.e.m.c.i.embedder.EclipseLogger - Using 'UTF-8' encoding to copy filtered resources.
2016-07-21 20:38:35,093 [Worker-10] INFO  o.e.m.c.i.embedder.EclipseLogger - Copying 1 resource
2016-07-21 20:38:35,093 [Worker-10] INFO  o.e.m.c.i.embedder.EclipseLogger - Copying 0 resource
2016-07-21 20:38:35,095 [Worker-10] INFO  o.e.m.c.i.embedder.EclipseLogger - Using 'UTF-8' encoding to copy filtered resources.
2016-07-21 20:38:35,095 [Worker-10] INFO  o.e.m.c.i.embedder.EclipseLogger - skip non existing resourceDirectory /Users/nohsunghyun/Documents/blindinterview/repo/blindinterview-web-client/web-client/src/test/resources
2016-07-21 20:39:04,276 [Worker-1] INFO  o.e.m.c.i.embedder.EclipseLogger - Using 'UTF-8' encoding to copy filtered resources.
2016-07-21 20:39:04,276 [Worker-1] INFO  o.e.m.c.i.embedder.EclipseLogger - Copying 1 resource
2016-07-21 20:39:04,277 [Worker-1] INFO  o.e.m.c.i.embedder.EclipseLogger - Copying 0 resource
2016-07-21 20:39:04,279 [Worker-1] INFO  o.e.m.c.i.embedder.EclipseLogger - Using 'UTF-8' encoding to copy filtered resources.
2016-07-21 20:39:04,279 [Worker-1] INFO  o.e.m.c.i.embedder.EclipseLogger - skip non existing resourceDirectory /Users/nohsunghyun/Documents/blindinterview/repo/blindinterview-web-client/web-client/src/test/resources
2016-07-21 20:39:28,388 [Worker-9] INFO  o.e.m.c.i.embedder.EclipseLogger - Using 'UTF-8' encoding to copy filtered resources.
2016-07-21 20:39:28,388 [Worker-9] INFO  o.e.m.c.i.embedder.EclipseLogger - Copying 0 resource
2016-07-21 20:39:28,389 [Worker-9] INFO  o.e.m.c.i.embedder.EclipseLogger - Copying 0 resource
2016-07-21 20:39:28,390 [Worker-9] INFO  o.e.m.c.i.embedder.EclipseLogger - Using 'UTF-8' encoding to copy filtered resources.
2016-07-21 20:39:28,390 [Worker-9] INFO  o.e.m.c.i.embedder.EclipseLogger - skip non existing resourceDirectory /Users/nohsunghyun/Documents/blindinterview/repo/blindinterview-web-client/web-client/src/test/resources
2016-07-21 20:39:43,091 [Worker-1] INFO  o.e.m.c.i.embedder.EclipseLogger - Using 'UTF-8' encoding to copy filtered resources.
2016-07-21 20:39:43,091 [Worker-1] INFO  o.e.m.c.i.embedder.EclipseLogger - Copying 0 resource
2016-07-21 20:39:43,091 [Worker-1] INFO  o.e.m.c.i.embedder.EclipseLogger - Copying 0 resource
2016-07-21 20:39:43,092 [Worker-1] INFO  o.e.m.c.i.embedder.EclipseLogger - Using 'UTF-8' encoding to copy filtered resources.
2016-07-21 20:39:43,093 [Worker-1] INFO  o.e.m.c.i.embedder.EclipseLogger - skip non existing resourceDirectory /Users/nohsunghyun/Documents/blindinterview/repo/blindinterview-web-client/web-client/src/test/resources
2016-07-21 20:40:27,419 [Worker-14] INFO  o.e.m.c.i.l.LifecycleMappingFactory - Using org.eclipse.m2e.jdt.JarLifecycleMapping lifecycle mapping for MavenProject: org.ahea:ahea:0.0.1-SNAPSHOT @ /Users/nohsunghyun/Documents/blindinterview/repo/blindinterview-web-client/web-client/pom.xml.
2016-07-21 20:40:27,563 [Worker-14] INFO  o.e.m.c.i.embedder.EclipseLogger - Using 'UTF-8' encoding to copy filtered resources.
2016-07-21 20:40:27,563 [Worker-14] INFO  o.e.m.c.i.embedder.EclipseLogger - Copying 0 resource
2016-07-21 20:40:27,564 [Worker-14] INFO  o.e.m.c.i.embedder.EclipseLogger - Copying 0 resource
2016-07-21 20:40:27,565 [Worker-14] INFO  o.e.m.c.i.embedder.EclipseLogger - Using 'UTF-8' encoding to copy filtered resources.
2016-07-21 20:40:27,565 [Worker-14] INFO  o.e.m.c.i.embedder.EclipseLogger - skip non existing resourceDirectory /Users/nohsunghyun/Documents/blindinterview/repo/blindinterview-web-client/web-client/src/test/resources
2016-07-21 20:40:28,838 [Worker-7] INFO  o.e.m.c.i.embedder.EclipseLogger - Using 'UTF-8' encoding to copy filtered resources.
2016-07-21 20:40:28,838 [Worker-7] INFO  o.e.m.c.i.embedder.EclipseLogger - Copying 1 resource
2016-07-21 20:40:28,839 [Worker-7] INFO  o.e.m.c.i.embedder.EclipseLogger - Copying 0 resource
2016-07-21 20:40:28,841 [Worker-7] INFO  o.e.m.c.i.embedder.EclipseLogger - Using 'UTF-8' encoding to copy filtered resources.
2016-07-21 20:40:28,842 [Worker-7] INFO  o.e.m.c.i.embedder.EclipseLogger - skip non existing resourceDirectory /Users/nohsunghyun/Documents/blindinterview/repo/blindinterview-web-client/web-client/src/test/resources
2016-07-21 20:41:32,651 [Worker-1] INFO  o.e.m.c.i.embedder.EclipseLogger - Using 'UTF-8' encoding to copy filtered resources.
2016-07-21 20:41:32,651 [Worker-1] INFO  o.e.m.c.i.embedder.EclipseLogger - Copying 1 resource
2016-07-21 20:41:32,652 [Worker-1] INFO  o.e.m.c.i.embedder.EclipseLogger - Copying 0 resource
2016-07-21 20:41:32,653 [Worker-1] INFO  o.e.m.c.i.embedder.EclipseLogger - Using 'UTF-8' encoding to copy filtered resources.
2016-07-21 20:41:32,653 [Worker-1] INFO  o.e.m.c.i.embedder.EclipseLogger - skip non existing resourceDirectory /Users/nohsunghyun/Documents/blindinterview/repo/blindinterview-web-client/web-client/src/test/resources
2016-07-21 20:43:07,091 [Worker-9] INFO  o.e.m.c.i.embedder.EclipseLogger - Using 'UTF-8' encoding to copy filtered resources.
2016-07-21 20:43:07,092 [Worker-9] INFO  o.e.m.c.i.embedder.EclipseLogger - Copying 1 resource
2016-07-21 20:43:07,092 [Worker-9] INFO  o.e.m.c.i.embedder.EclipseLogger - Copying 0 resource
2016-07-21 20:43:07,094 [Worker-9] INFO  o.e.m.c.i.embedder.EclipseLogger - Using 'UTF-8' encoding to copy filtered resources.
2016-07-21 20:43:07,094 [Worker-9] INFO  o.e.m.c.i.embedder.EclipseLogger - skip non existing resourceDirectory /Users/nohsunghyun/Documents/blindinterview/repo/blindinterview-web-client/web-client/src/test/resources
2016-07-21 20:45:10,666 [Worker-10] INFO  o.e.m.c.i.embedder.EclipseLogger - Using 'UTF-8' encoding to copy filtered resources.
2016-07-21 20:45:10,667 [Worker-10] INFO  o.e.m.c.i.embedder.EclipseLogger - Copying 1 resource
2016-07-21 20:45:10,667 [Worker-10] INFO  o.e.m.c.i.embedder.EclipseLogger - Copying 0 resource
2016-07-21 20:45:10,668 [Worker-10] INFO  o.e.m.c.i.embedder.EclipseLogger - Using 'UTF-8' encoding to copy filtered resources.
2016-07-21 20:45:10,668 [Worker-10] INFO  o.e.m.c.i.embedder.EclipseLogger - skip non existing resourceDirectory /Users/nohsunghyun/Documents/blindinterview/repo/blindinterview-web-client/web-client/src/test/resources
2016-07-21 20:45:55,286 [Worker-15] INFO  o.e.m.c.i.embedder.EclipseLogger - Using 'UTF-8' encoding to copy filtered resources.
2016-07-21 20:45:55,286 [Worker-15] INFO  o.e.m.c.i.embedder.EclipseLogger - Copying 1 resource
2016-07-21 20:45:55,287 [Worker-15] INFO  o.e.m.c.i.embedder.EclipseLogger - Copying 0 resource
2016-07-21 20:45:55,289 [Worker-15] INFO  o.e.m.c.i.embedder.EclipseLogger - Using 'UTF-8' encoding to copy filtered resources.
2016-07-21 20:45:55,289 [Worker-15] INFO  o.e.m.c.i.embedder.EclipseLogger - skip non existing resourceDirectory /Users/nohsunghyun/Documents/blindinterview/repo/blindinterview-web-client/web-client/src/test/resources
2016-07-21 20:46:11,325 [Worker-15] INFO  o.e.m.c.i.embedder.EclipseLogger - Using 'UTF-8' encoding to copy filtered resources.
2016-07-21 20:46:11,326 [Worker-15] INFO  o.e.m.c.i.embedder.EclipseLogger - Copying 1 resource
2016-07-21 20:46:11,326 [Worker-15] INFO  o.e.m.c.i.embedder.EclipseLogger - Copying 0 resource
2016-07-21 20:46:11,327 [Worker-15] INFO  o.e.m.c.i.embedder.EclipseLogger - Using 'UTF-8' encoding to copy filtered resources.
2016-07-21 20:46:11,327 [Worker-15] INFO  o.e.m.c.i.embedder.EclipseLogger - skip non existing resourceDirectory /Users/nohsunghyun/Documents/blindinterview/repo/blindinterview-web-client/web-client/src/test/resources
2016-07-21 20:48:10,771 [Worker-16] INFO  o.e.m.c.i.embedder.EclipseLogger - Using 'UTF-8' encoding to copy filtered resources.
2016-07-21 20:48:10,771 [Worker-16] INFO  o.e.m.c.i.embedder.EclipseLogger - Copying 1 resource
2016-07-21 20:48:10,772 [Worker-16] INFO  o.e.m.c.i.embedder.EclipseLogger - Copying 0 resource
2016-07-21 20:48:10,773 [Worker-16] INFO  o.e.m.c.i.embedder.EclipseLogger - Using 'UTF-8' encoding to copy filtered resources.
2016-07-21 20:48:10,773 [Worker-16] INFO  o.e.m.c.i.embedder.EclipseLogger - skip non existing resourceDirectory /Users/nohsunghyun/Documents/blindinterview/repo/blindinterview-web-client/web-client/src/test/resources
2016-07-21 20:49:11,683 [Worker-12] INFO  o.e.m.c.i.l.LifecycleMappingFactory - Using org.eclipse.m2e.jdt.JarLifecycleMapping lifecycle mapping for MavenProject: org.ahea:ahea:0.0.1-SNAPSHOT @ /Users/nohsunghyun/Documents/blindinterview/repo/blindinterview-web-client/web-client/pom.xml.
2016-07-21 20:49:12,654 [Worker-12] INFO  o.e.m.c.i.e.AbstractTransferListenerAdapter - Downloading http://repo.maven.apache.org/maven2/org/apache/tomcat/embed/tomcat-embed-jasper/8.0.36/tomcat-embed-jasper-8.0.36.pom
2016-07-21 20:49:12,944 [Worker-12] INFO  o.e.m.c.i.e.AbstractTransferListenerAdapter - Downloaded http://repo.maven.apache.org/maven2/org/apache/tomcat/embed/tomcat-embed-jasper/8.0.36/tomcat-embed-jasper-8.0.36.pom
2016-07-21 20:49:13,108 [Worker-12] INFO  o.e.m.c.i.e.AbstractTransferListenerAdapter - Downloading http://repo.maven.apache.org/maven2/org/apache/tomcat/embed/tomcat-embed-jasper/8.0.36/tomcat-embed-jasper-8.0.36.jar
2016-07-21 20:49:14,887 [Worker-12] INFO  o.e.m.c.i.e.AbstractTransferListenerAdapter - Downloaded http://repo.maven.apache.org/maven2/org/apache/tomcat/embed/tomcat-embed-jasper/8.0.36/tomcat-embed-jasper-8.0.36.jar
2016-07-21 20:49:14,940 [Worker-12] INFO  o.e.m.c.i.embedder.EclipseLogger - Using 'UTF-8' encoding to copy filtered resources.
2016-07-21 20:49:14,940 [Worker-12] INFO  o.e.m.c.i.embedder.EclipseLogger - Copying 0 resource
2016-07-21 20:49:14,940 [Worker-12] INFO  o.e.m.c.i.embedder.EclipseLogger - Copying 0 resource
2016-07-21 20:49:14,942 [Worker-12] INFO  o.e.m.c.i.embedder.EclipseLogger - Using 'UTF-8' encoding to copy filtered resources.
2016-07-21 20:49:14,942 [Worker-12] INFO  o.e.m.c.i.embedder.EclipseLogger - skip non existing resourceDirectory /Users/nohsunghyun/Documents/blindinterview/repo/blindinterview-web-client/web-client/src/test/resources
2016-07-21 20:49:16,202 [Worker-14] INFO  o.e.m.c.i.embedder.EclipseLogger - Using 'UTF-8' encoding to copy filtered resources.
2016-07-21 20:49:16,203 [Worker-14] INFO  o.e.m.c.i.embedder.EclipseLogger - Copying 1 resource
2016-07-21 20:49:16,203 [Worker-14] INFO  o.e.m.c.i.embedder.EclipseLogger - Copying 0 resource
2016-07-21 20:49:16,205 [Worker-14] INFO  o.e.m.c.i.embedder.EclipseLogger - Using 'UTF-8' encoding to copy filtered resources.
2016-07-21 20:49:16,205 [Worker-14] INFO  o.e.m.c.i.embedder.EclipseLogger - skip non existing resourceDirectory /Users/nohsunghyun/Documents/blindinterview/repo/blindinterview-web-client/web-client/src/test/resources
2016-07-21 21:19:33,679 [Worker-20] INFO  o.e.m.c.i.embedder.EclipseLogger - Using 'UTF-8' encoding to copy filtered resources.
2016-07-21 21:19:33,680 [Worker-20] INFO  o.e.m.c.i.embedder.EclipseLogger - Copying 0 resource
2016-07-21 21:19:33,680 [Worker-20] INFO  o.e.m.c.i.embedder.EclipseLogger - Copying 0 resource
2016-07-21 21:19:33,681 [Worker-20] INFO  o.e.m.c.i.embedder.EclipseLogger - Using 'UTF-8' encoding to copy filtered resources.
2016-07-21 21:19:33,681 [Worker-20] INFO  o.e.m.c.i.embedder.EclipseLogger - skip non existing resourceDirectory /Users/nohsunghyun/Documents/blindinterview/repo/blindinterview-web-client/web-client/src/test/resources
2016-07-21 21:19:36,010 [Worker-10] INFO  o.e.m.c.i.embedder.EclipseLogger - Using 'UTF-8' encoding to copy filtered resources.
2016-07-21 21:19:36,010 [Worker-10] INFO  o.e.m.c.i.embedder.EclipseLogger - Copying 0 resource
2016-07-21 21:19:36,010 [Worker-10] INFO  o.e.m.c.i.embedder.EclipseLogger - Copying 0 resource
2016-07-21 21:19:36,011 [Worker-10] INFO  o.e.m.c.i.embedder.EclipseLogger - Using 'UTF-8' encoding to copy filtered resources.
2016-07-21 21:19:36,012 [Worker-10] INFO  o.e.m.c.i.embedder.EclipseLogger - skip non existing resourceDirectory /Users/nohsunghyun/Documents/blindinterview/repo/blindinterview-web-client/web-client/src/test/resources
2016-07-21 21:26:10,837 [Worker-24] INFO  o.e.m.c.i.embedder.EclipseLogger - Using 'UTF-8' encoding to copy filtered resources.
2016-07-21 21:26:10,838 [Worker-24] INFO  o.e.m.c.i.embedder.EclipseLogger - Copying 0 resource
2016-07-21 21:26:10,838 [Worker-24] INFO  o.e.m.c.i.embedder.EclipseLogger - Copying 0 resource
2016-07-21 21:26:10,839 [Worker-24] INFO  o.e.m.c.i.embedder.EclipseLogger - Using 'UTF-8' encoding to copy filtered resources.
2016-07-21 21:26:10,839 [Worker-24] INFO  o.e.m.c.i.embedder.EclipseLogger - skip non existing resourceDirectory /Users/nohsunghyun/Documents/blindinterview/repo/blindinterview-web-client/web-client/src/test/resources
2016-07-21 21:26:18,152 [Worker-20] INFO  o.e.m.c.i.embedder.EclipseLogger - Using 'UTF-8' encoding to copy filtered resources.
2016-07-21 21:26:18,152 [Worker-20] INFO  o.e.m.c.i.embedder.EclipseLogger - Copying 0 resource
2016-07-21 21:26:18,152 [Worker-20] INFO  o.e.m.c.i.embedder.EclipseLogger - Copying 0 resource
2016-07-21 21:26:18,154 [Worker-20] INFO  o.e.m.c.i.embedder.EclipseLogger - Using 'UTF-8' encoding to copy filtered resources.
2016-07-21 21:26:18,154 [Worker-20] INFO  o.e.m.c.i.embedder.EclipseLogger - skip non existing resourceDirectory /Users/nohsunghyun/Documents/blindinterview/repo/blindinterview-web-client/web-client/src/test/resources
2016-08-02 18:36:40,850 [Worker-2] INFO  o.e.m.c.i.embedder.EclipseLogger - Using 'UTF-8' encoding to copy filtered resources.
2016-08-02 18:36:40,857 [Worker-2] INFO  o.e.m.c.i.embedder.EclipseLogger - Copying 1 resource
2016-08-02 18:36:40,870 [Worker-2] INFO  o.e.m.c.i.embedder.EclipseLogger - Copying 0 resource
2016-08-02 18:36:40,872 [Worker-2] INFO  o.e.m.c.i.embedder.EclipseLogger - Using 'UTF-8' encoding to copy filtered resources.
2016-08-02 18:36:40,872 [Worker-2] INFO  o.e.m.c.i.embedder.EclipseLogger - skip non existing resourceDirectory /Users/nohsunghyun/Documents/blindinterview/repo/blindinterview-web-client/web-client/src/test/resources
2016-08-02 18:50:16,241 [Worker-4] INFO  o.e.m.c.i.e.AbstractTransferListenerAdapter - Downloading http://repo.maven.apache.org/maven2/org/apache/maven/plugins/maven-war-plugin/2.5/maven-war-plugin-2.5.jar
2016-08-02 18:50:17,228 [Worker-4] INFO  o.e.m.c.i.e.AbstractTransferListenerAdapter - Downloaded http://repo.maven.apache.org/maven2/org/apache/maven/plugins/maven-war-plugin/2.5/maven-war-plugin-2.5.jar
2016-08-02 18:50:17,619 [Worker-4] INFO  o.e.m.c.i.l.LifecycleMappingFactory - Using org.maven.ide.eclipse.wtp.WarLifecycleMapping lifecycle mapping for MavenProject: org.ahea:ahea:0.0.1-SNAPSHOT @ /Users/nohsunghyun/Documents/blindinterview/repo/blindinterview-web-client/web-client/pom.xml.
2016-08-02 18:50:17,990 [Worker-4] INFO  o.e.m.c.i.e.AbstractTransferListenerAdapter - Downloading http://repo.maven.apache.org/maven2/org/apache/maven/plugins/maven-surefire-plugin/2.18.1/maven-surefire-plugin-2.18.1.pom
2016-08-02 18:50:18,298 [Worker-4] INFO  o.e.m.c.i.e.AbstractTransferListenerAdapter - Downloaded http://repo.maven.apache.org/maven2/org/apache/maven/plugins/maven-surefire-plugin/2.18.1/maven-surefire-plugin-2.18.1.pom
2016-08-02 18:50:18,448 [Worker-4] INFO  o.e.m.c.i.e.AbstractTransferListenerAdapter - Downloading http://repo.maven.apache.org/maven2/org/apache/maven/surefire/surefire/2.18.1/surefire-2.18.1.pom
2016-08-02 18:50:19,006 [Worker-4] INFO  o.e.m.c.i.e.AbstractTransferListenerAdapter - Downloaded http://repo.maven.apache.org/maven2/org/apache/maven/surefire/surefire/2.18.1/surefire-2.18.1.pom
2016-08-02 18:50:19,194 [Worker-4] INFO  o.e.m.c.i.e.AbstractTransferListenerAdapter - Downloading http://repo.maven.apache.org/maven2/org/apache/maven/plugins/maven-war-plugin/2.5/maven-war-plugin-2.5.pom
2016-08-02 18:50:19,502 [Worker-4] INFO  o.e.m.c.i.e.AbstractTransferListenerAdapter - Downloaded http://repo.maven.apache.org/maven2/org/apache/maven/plugins/maven-war-plugin/2.5/maven-war-plugin-2.5.pom
2016-08-02 18:50:19,810 [Worker-4] INFO  o.e.m.c.i.e.AbstractTransferListenerAdapter - Downloading http://repo.maven.apache.org/maven2/org/apache/maven/plugins/maven-plugins/25/maven-plugins-25.pom
2016-08-02 18:50:20,218 [Worker-4] INFO  o.e.m.c.i.e.AbstractTransferListenerAdapter - Downloaded http://repo.maven.apache.org/maven2/org/apache/maven/plugins/maven-plugins/25/maven-plugins-25.pom
2016-08-02 18:50:20,543 [Worker-4] INFO  o.e.m.c.i.e.AbstractTransferListenerAdapter - Downloading http://repo.maven.apache.org/maven2/org/codehaus/plexus/plexus-io/2.1.3/plexus-io-2.1.3.pom
2016-08-02 18:50:21,006 [Worker-4] INFO  o.e.m.c.i.e.AbstractTransferListenerAdapter - Downloaded http://repo.maven.apache.org/maven2/org/codehaus/plexus/plexus-io/2.1.3/plexus-io-2.1.3.pom
2016-08-02 18:50:21,162 [Worker-4] INFO  o.e.m.c.i.e.AbstractTransferListenerAdapter - Downloading http://repo.maven.apache.org/maven2/org/codehaus/plexus/plexus-components/1.2/plexus-components-1.2.pom
2016-08-02 18:50:21,474 [Worker-4] INFO  o.e.m.c.i.e.AbstractTransferListenerAdapter - Downloaded http://repo.maven.apache.org/maven2/org/codehaus/plexus/plexus-components/1.2/plexus-components-1.2.pom
2016-08-02 18:50:21,761 [Worker-4] INFO  o.e.m.c.i.e.AbstractTransferListenerAdapter - Downloading http://repo.maven.apache.org/maven2/org/codehaus/plexus/plexus-utils/3.0.18/plexus-utils-3.0.18.pom
2016-08-02 18:50:22,152 [Worker-4] INFO  o.e.m.c.i.e.AbstractTransferListenerAdapter - Downloaded http://repo.maven.apache.org/maven2/org/codehaus/plexus/plexus-utils/3.0.18/plexus-utils-3.0.18.pom
2016-08-02 18:50:22,359 [Worker-4] INFO  o.e.m.c.i.e.AbstractTransferListenerAdapter - Downloading http://repo.maven.apache.org/maven2/commons-io/commons-io/2.2/commons-io-2.2.pom
2016-08-02 18:50:22,808 [Worker-4] INFO  o.e.m.c.i.e.AbstractTransferListenerAdapter - Downloaded http://repo.maven.apache.org/maven2/commons-io/commons-io/2.2/commons-io-2.2.pom
2016-08-02 18:50:22,961 [Worker-4] INFO  o.e.m.c.i.e.AbstractTransferListenerAdapter - Downloading http://repo.maven.apache.org/maven2/org/apache/commons/commons-parent/24/commons-parent-24.pom
2016-08-02 18:50:23,460 [Worker-4] INFO  o.e.m.c.i.e.AbstractTransferListenerAdapter - Downloaded http://repo.maven.apache.org/maven2/org/apache/commons/commons-parent/24/commons-parent-24.pom
2016-08-02 18:50:23,622 [Worker-4] INFO  o.e.m.c.i.e.AbstractTransferListenerAdapter - Downloading http://repo.maven.apache.org/maven2/org/codehaus/plexus/plexus-archiver/2.6.3/plexus-archiver-2.6.3.pom
2016-08-02 18:50:24,018 [Worker-4] INFO  o.e.m.c.i.e.AbstractTransferListenerAdapter - Downloaded http://repo.maven.apache.org/maven2/org/codehaus/plexus/plexus-archiver/2.6.3/plexus-archiver-2.6.3.pom
2016-08-02 18:50:24,250 [Worker-4] INFO  o.e.m.c.i.e.AbstractTransferListenerAdapter - Downloading http://repo.maven.apache.org/maven2/org/codehaus/plexus/plexus-components/1.3/plexus-components-1.3.pom
2016-08-02 18:50:24,548 [Worker-4] INFO  o.e.m.c.i.e.AbstractTransferListenerAdapter - Downloaded http://repo.maven.apache.org/maven2/org/codehaus/plexus/plexus-components/1.3/plexus-components-1.3.pom
2016-08-02 18:50:24,701 [Worker-4] INFO  o.e.m.c.i.e.AbstractTransferListenerAdapter - Downloading http://repo.maven.apache.org/maven2/org/codehaus/plexus/plexus/3.3/plexus-3.3.pom
2016-08-02 18:50:25,057 [Worker-4] INFO  o.e.m.c.i.e.AbstractTransferListenerAdapter - Downloaded http://repo.maven.apache.org/maven2/org/codehaus/plexus/plexus/3.3/plexus-3.3.pom
2016-08-02 18:50:25,297 [Worker-4] INFO  o.e.m.c.i.e.AbstractTransferListenerAdapter - Downloading http://repo.maven.apache.org/maven2/org/apache/commons/commons-compress/1.8.1/commons-compress-1.8.1.pom
2016-08-02 18:50:25,663 [Worker-4] INFO  o.e.m.c.i.e.AbstractTransferListenerAdapter - Downloaded http://repo.maven.apache.org/maven2/org/apache/commons/commons-compress/1.8.1/commons-compress-1.8.1.pom
2016-08-02 18:50:25,953 [Worker-4] INFO  o.e.m.c.i.e.AbstractTransferListenerAdapter - Downloading http://repo.maven.apache.org/maven2/org/codehaus/plexus/plexus-interpolation/1.19/plexus-interpolation-1.19.pom
2016-08-02 18:50:26,345 [Worker-4] INFO  o.e.m.c.i.e.AbstractTransferListenerAdapter - Downloaded http://repo.maven.apache.org/maven2/org/codehaus/plexus/plexus-interpolation/1.19/plexus-interpolation-1.19.pom
2016-08-02 18:50:26,500 [Worker-4] INFO  o.e.m.c.i.e.AbstractTransferListenerAdapter - Downloading http://repo.maven.apache.org/maven2/com/thoughtworks/xstream/xstream/1.4.4/xstream-1.4.4.pom
2016-08-02 18:50:26,823 [Worker-4] INFO  o.e.m.c.i.e.AbstractTransferListenerAdapter - Downloaded http://repo.maven.apache.org/maven2/com/thoughtworks/xstream/xstream/1.4.4/xstream-1.4.4.pom
2016-08-02 18:50:27,002 [Worker-4] INFO  o.e.m.c.i.e.AbstractTransferListenerAdapter - Downloading http://repo.maven.apache.org/maven2/com/thoughtworks/xstream/xstream-parent/1.4.4/xstream-parent-1.4.4.pom
2016-08-02 18:50:27,394 [Worker-4] INFO  o.e.m.c.i.e.AbstractTransferListenerAdapter - Downloaded http://repo.maven.apache.org/maven2/com/thoughtworks/xstream/xstream-parent/1.4.4/xstream-parent-1.4.4.pom
2016-08-02 18:50:27,563 [Worker-4] INFO  o.e.m.c.i.e.AbstractTransferListenerAdapter - Downloading http://repo.maven.apache.org/maven2/xmlpull/xmlpull/1.1.3.1/xmlpull-1.1.3.1.pom
2016-08-02 18:50:27,875 [Worker-4] INFO  o.e.m.c.i.e.AbstractTransferListenerAdapter - Downloaded http://repo.maven.apache.org/maven2/xmlpull/xmlpull/1.1.3.1/xmlpull-1.1.3.1.pom
2016-08-02 18:50:28,049 [Worker-4] INFO  o.e.m.c.i.e.AbstractTransferListenerAdapter - Downloading http://repo.maven.apache.org/maven2/org/apache/maven/shared/maven-filtering/1.2/maven-filtering-1.2.pom
2016-08-02 18:50:28,444 [Worker-4] INFO  o.e.m.c.i.e.AbstractTransferListenerAdapter - Downloaded http://repo.maven.apache.org/maven2/org/apache/maven/shared/maven-filtering/1.2/maven-filtering-1.2.pom
2016-08-02 18:50:28,599 [Worker-4] INFO  o.e.m.c.i.e.AbstractTransferListenerAdapter - Downloading http://repo.maven.apache.org/maven2/org/apache/maven/shared/maven-shared-utils/0.3/maven-shared-utils-0.3.pom
2016-08-02 18:50:28,907 [Worker-4] INFO  o.e.m.c.i.e.AbstractTransferListenerAdapter - Downloaded http://repo.maven.apache.org/maven2/org/apache/maven/shared/maven-shared-utils/0.3/maven-shared-utils-0.3.pom
2016-08-02 18:50:29,099 [Worker-4] INFO  o.e.m.c.i.e.AbstractTransferListenerAdapter - Downloading http://repo.maven.apache.org/maven2/org/apache/maven/shared/maven-mapping/1.0/maven-mapping-1.0.pom
2016-08-02 18:50:29,490 [Worker-4] INFO  o.e.m.c.i.e.AbstractTransferListenerAdapter - Downloaded http://repo.maven.apache.org/maven2/org/apache/maven/shared/maven-mapping/1.0/maven-mapping-1.0.pom
2016-08-02 18:50:29,657 [Worker-4] INFO  o.e.m.c.i.e.AbstractTransferListenerAdapter - Downloading http://repo.maven.apache.org/maven2/org/codehaus/plexus/plexus-io/2.1.3/plexus-io-2.1.3.jar
2016-08-02 18:50:30,314 [Worker-4] INFO  o.e.m.c.i.e.AbstractTransferListenerAdapter - Downloaded http://repo.maven.apache.org/maven2/org/codehaus/plexus/plexus-io/2.1.3/plexus-io-2.1.3.jar
2016-08-02 18:50:30,545 [Worker-4] INFO  o.e.m.c.i.e.AbstractTransferListenerAdapter - Downloading http://repo.maven.apache.org/maven2/commons-io/commons-io/2.2/commons-io-2.2.jar
2016-08-02 18:50:31,589 [Worker-4] INFO  o.e.m.c.i.e.AbstractTransferListenerAdapter - Downloaded http://repo.maven.apache.org/maven2/commons-io/commons-io/2.2/commons-io-2.2.jar
2016-08-02 18:50:31,751 [Worker-4] INFO  o.e.m.c.i.e.AbstractTransferListenerAdapter - Downloading http://repo.maven.apache.org/maven2/org/codehaus/plexus/plexus-archiver/2.6.3/plexus-archiver-2.6.3.jar
2016-08-02 18:50:32,393 [Worker-4] INFO  o.e.m.c.i.e.AbstractTransferListenerAdapter - Downloaded http://repo.maven.apache.org/maven2/org/codehaus/plexus/plexus-archiver/2.6.3/plexus-archiver-2.6.3.jar
2016-08-02 18:50:32,541 [Worker-4] INFO  o.e.m.c.i.e.AbstractTransferListenerAdapter - Downloading http://repo.maven.apache.org/maven2/org/apache/commons/commons-compress/1.8.1/commons-compress-1.8.1.jar
2016-08-02 18:50:33,685 [Worker-4] INFO  o.e.m.c.i.e.AbstractTransferListenerAdapter - Downloaded http://repo.maven.apache.org/maven2/org/apache/commons/commons-compress/1.8.1/commons-compress-1.8.1.jar
2016-08-02 18:50:33,851 [Worker-4] INFO  o.e.m.c.i.e.AbstractTransferListenerAdapter - Downloading http://repo.maven.apache.org/maven2/org/codehaus/plexus/plexus-interpolation/1.19/plexus-interpolation-1.19.jar
2016-08-02 18:50:34,167 [Worker-4] INFO  o.e.m.c.i.e.AbstractTransferListenerAdapter - Downloaded http://repo.maven.apache.org/maven2/org/codehaus/plexus/plexus-interpolation/1.19/plexus-interpolation-1.19.jar
2016-08-02 18:50:34,340 [Worker-4] INFO  o.e.m.c.i.e.AbstractTransferListenerAdapter - Downloading http://repo.maven.apache.org/maven2/com/thoughtworks/xstream/xstream/1.4.4/xstream-1.4.4.jar
2016-08-02 18:50:35,784 [Worker-4] INFO  o.e.m.c.i.e.AbstractTransferListenerAdapter - Downloaded http://repo.maven.apache.org/maven2/com/thoughtworks/xstream/xstream/1.4.4/xstream-1.4.4.jar
2016-08-02 18:50:35,931 [Worker-4] INFO  o.e.m.c.i.e.AbstractTransferListenerAdapter - Downloading http://repo.maven.apache.org/maven2/xmlpull/xmlpull/1.1.3.1/xmlpull-1.1.3.1.jar
2016-08-02 18:50:36,235 [Worker-4] INFO  o.e.m.c.i.e.AbstractTransferListenerAdapter - Downloaded http://repo.maven.apache.org/maven2/xmlpull/xmlpull/1.1.3.1/xmlpull-1.1.3.1.jar
2016-08-02 18:50:36,438 [Worker-4] INFO  o.e.m.c.i.e.AbstractTransferListenerAdapter - Downloading http://repo.maven.apache.org/maven2/org/codehaus/plexus/plexus-utils/3.0.18/plexus-utils-3.0.18.jar
2016-08-02 18:50:37,288 [Worker-4] INFO  o.e.m.c.i.e.AbstractTransferListenerAdapter - Downloaded http://repo.maven.apache.org/maven2/org/codehaus/plexus/plexus-utils/3.0.18/plexus-utils-3.0.18.jar
2016-08-02 18:50:37,487 [Worker-4] INFO  o.e.m.c.i.e.AbstractTransferListenerAdapter - Downloading http://repo.maven.apache.org/maven2/org/apache/maven/shared/maven-filtering/1.2/maven-filtering-1.2.jar
2016-08-02 18:50:37,881 [Worker-4] INFO  o.e.m.c.i.e.AbstractTransferListenerAdapter - Downloaded http://repo.maven.apache.org/maven2/org/apache/maven/shared/maven-filtering/1.2/maven-filtering-1.2.jar
2016-08-02 18:50:38,030 [Worker-4] INFO  o.e.m.c.i.e.AbstractTransferListenerAdapter - Downloading http://repo.maven.apache.org/maven2/org/apache/maven/shared/maven-shared-utils/0.3/maven-shared-utils-0.3.jar
2016-08-02 18:50:38,683 [Worker-4] INFO  o.e.m.c.i.e.AbstractTransferListenerAdapter - Downloaded http://repo.maven.apache.org/maven2/org/apache/maven/shared/maven-shared-utils/0.3/maven-shared-utils-0.3.jar
2016-08-02 18:50:38,832 [Worker-4] INFO  o.e.m.c.i.e.AbstractTransferListenerAdapter - Downloading http://repo.maven.apache.org/maven2/org/apache/maven/shared/maven-mapping/1.0/maven-mapping-1.0.jar
2016-08-02 18:50:39,132 [Worker-4] INFO  o.e.m.c.i.e.AbstractTransferListenerAdapter - Downloaded http://repo.maven.apache.org/maven2/org/apache/maven/shared/maven-mapping/1.0/maven-mapping-1.0.jar
2016-08-02 18:50:39,949 [Worker-4] INFO  o.e.m.c.i.embedder.EclipseLogger - Using 'UTF-8' encoding to copy filtered resources.
2016-08-02 18:50:39,953 [Worker-4] INFO  o.e.m.c.i.embedder.EclipseLogger - Copying 0 resource
2016-08-02 18:50:39,953 [Worker-4] INFO  o.e.m.c.i.embedder.EclipseLogger - Copying 0 resource
2016-08-02 18:50:39,961 [Worker-4] INFO  o.e.m.c.i.embedder.EclipseLogger - Using 'UTF-8' encoding to copy filtered resources.
2016-08-02 18:50:39,962 [Worker-4] INFO  o.e.m.c.i.embedder.EclipseLogger - skip non existing resourceDirectory /Users/nohsunghyun/Documents/blindinterview/repo/blindinterview-web-client/web-client/src/test/resources
2016-08-02 18:50:39,972 [Worker-4] INFO  o.e.m.w.i.f.ResourceFilteringBuildParticipant - Changed resources require a complete clean of filtered resources of web-client
2016-08-02 18:50:39,974 [Worker-4] INFO  o.e.m.w.i.f.ResourceFilteringBuildParticipant - Executing resource filtering for web-client
2016-08-02 18:50:39,992 [Worker-4] WARN  o.e.m.c.i.embedder.EclipseLogger - The POM for org.apache.maven.plugins:maven-help-plugin:jar:2.2 is missing, no dependency information available
2016-08-02 18:50:39,997 [Worker-4] WARN  o.e.m.c.i.embedder.EclipseLogger - Failed to retrieve plugin descriptor for org.apache.maven.plugins:maven-help-plugin:2.2: Plugin org.apache.maven.plugins:maven-help-plugin:2.2 or one of its dependencies could not be resolved: Cannot access central (http://repo.maven.apache.org/maven2) in offline mode and the artifact org.apache.maven.plugins:maven-help-plugin:jar:2.2 has not been downloaded from it before.
2016-08-02 18:50:39,998 [Worker-4] WARN  o.e.m.c.i.embedder.EclipseLogger - The POM for org.codehaus.mojo:xml-maven-plugin:jar:1.0 is missing, no dependency information available
2016-08-02 18:50:39,999 [Worker-4] WARN  o.e.m.c.i.embedder.EclipseLogger - Failed to retrieve plugin descriptor for org.codehaus.mojo:xml-maven-plugin:1.0: Plugin org.codehaus.mojo:xml-maven-plugin:1.0 or one of its dependencies could not be resolved: Cannot access central (http://repo.maven.apache.org/maven2) in offline mode and the artifact org.codehaus.mojo:xml-maven-plugin:jar:1.0 has not been downloaded from it before.
2016-08-02 18:50:40,000 [Worker-4] WARN  o.e.m.c.i.embedder.EclipseLogger - The POM for org.codehaus.mojo:build-helper-maven-plugin:jar:1.9.1 is missing, no dependency information available
2016-08-02 18:50:40,005 [Worker-4] WARN  o.e.m.c.i.embedder.EclipseLogger - Failed to retrieve plugin descriptor for org.codehaus.mojo:build-helper-maven-plugin:1.9.1: Plugin org.codehaus.mojo:build-helper-maven-plugin:1.9.1 or one of its dependencies could not be resolved: Cannot access central (http://repo.maven.apache.org/maven2) in offline mode and the artifact org.codehaus.mojo:build-helper-maven-plugin:jar:1.9.1 has not been downloaded from it before.
2016-08-02 18:50:40,062 [Worker-4] WARN  o.e.m.c.i.embedder.EclipseLogger - The POM for org.apache.maven.plugins:maven-help-plugin:jar:2.2 is missing, no dependency information available
2016-08-02 18:50:40,067 [Worker-4] WARN  o.e.m.c.i.embedder.EclipseLogger - Failed to retrieve plugin descriptor for org.apache.maven.plugins:maven-help-plugin:2.2: Plugin org.apache.maven.plugins:maven-help-plugin:2.2 or one of its dependencies could not be resolved: Cannot access central (http://repo.maven.apache.org/maven2) in offline mode and the artifact org.apache.maven.plugins:maven-help-plugin:jar:2.2 has not been downloaded from it before.
2016-08-02 18:50:40,069 [Worker-4] WARN  o.e.m.c.i.embedder.EclipseLogger - The POM for org.codehaus.mojo:xml-maven-plugin:jar:1.0 is missing, no dependency information available
2016-08-02 18:50:40,072 [Worker-4] WARN  o.e.m.c.i.embedder.EclipseLogger - Failed to retrieve plugin descriptor for org.codehaus.mojo:xml-maven-plugin:1.0: Plugin org.codehaus.mojo:xml-maven-plugin:1.0 or one of its dependencies could not be resolved: Cannot access central (http://repo.maven.apache.org/maven2) in offline mode and the artifact org.codehaus.mojo:xml-maven-plugin:jar:1.0 has not been downloaded from it before.
2016-08-02 18:50:40,077 [Worker-4] WARN  o.e.m.c.i.embedder.EclipseLogger - The POM for org.codehaus.mojo:build-helper-maven-plugin:jar:1.9.1 is missing, no dependency information available
2016-08-02 18:50:40,080 [Worker-4] WARN  o.e.m.c.i.embedder.EclipseLogger - Failed to retrieve plugin descriptor for org.codehaus.mojo:build-helper-maven-plugin:1.9.1: Plugin org.codehaus.mojo:build-helper-maven-plugin:1.9.1 or one of its dependencies could not be resolved: Cannot access central (http://repo.maven.apache.org/maven2) in offline mode and the artifact org.codehaus.mojo:build-helper-maven-plugin:jar:1.9.1 has not been downloaded from it before.
2016-08-02 18:50:40,088 [Worker-4] INFO  o.e.m.c.i.embedder.EclipseLogger - Using 'UTF-8' encoding to copy filtered resources.
2016-08-02 18:53:03,467 [Worker-9] INFO  o.e.m.c.i.l.LifecycleMappingFactory - Using org.maven.ide.eclipse.wtp.WarLifecycleMapping lifecycle mapping for MavenProject: org.ahea:ahea:0.0.1-SNAPSHOT @ /Users/nohsunghyun/Documents/blindinterview/repo/blindinterview-web-client/web-client/pom.xml.
2016-08-02 18:53:03,694 [Worker-9] INFO  o.e.m.c.i.embedder.EclipseLogger - Using 'UTF-8' encoding to copy filtered resources.
2016-08-02 18:53:03,694 [Worker-9] INFO  o.e.m.c.i.embedder.EclipseLogger - Copying 0 resource
2016-08-02 18:53:03,694 [Worker-9] INFO  o.e.m.c.i.embedder.EclipseLogger - Copying 0 resource
2016-08-02 18:53:03,696 [Worker-9] INFO  o.e.m.c.i.embedder.EclipseLogger - Not copying test resources
2016-08-02 18:53:03,696 [Worker-9] INFO  o.e.m.w.i.f.ResourceFilteringBuildParticipant - Changed resources require a complete clean of filtered resources of web-client
2016-08-02 18:53:03,696 [Worker-9] INFO  o.e.m.w.i.f.ResourceFilteringBuildParticipant - Executing resource filtering for web-client
2016-08-02 18:53:03,700 [Worker-9] WARN  o.e.m.c.i.embedder.EclipseLogger - The POM for org.apache.maven.plugins:maven-help-plugin:jar:2.2 is missing, no dependency information available
2016-08-02 18:53:03,702 [Worker-9] WARN  o.e.m.c.i.embedder.EclipseLogger - Failed to retrieve plugin descriptor for org.apache.maven.plugins:maven-help-plugin:2.2: Plugin org.apache.maven.plugins:maven-help-plugin:2.2 or one of its dependencies could not be resolved: Cannot access central (http://repo.maven.apache.org/maven2) in offline mode and the artifact org.apache.maven.plugins:maven-help-plugin:jar:2.2 has not been downloaded from it before.
2016-08-02 18:53:03,703 [Worker-9] WARN  o.e.m.c.i.embedder.EclipseLogger - The POM for org.codehaus.mojo:xml-maven-plugin:jar:1.0 is missing, no dependency information available
2016-08-02 18:53:03,704 [Worker-9] WARN  o.e.m.c.i.embedder.EclipseLogger - Failed to retrieve plugin descriptor for org.codehaus.mojo:xml-maven-plugin:1.0: Plugin org.codehaus.mojo:xml-maven-plugin:1.0 or one of its dependencies could not be resolved: Cannot access central (http://repo.maven.apache.org/maven2) in offline mode and the artifact org.codehaus.mojo:xml-maven-plugin:jar:1.0 has not been downloaded from it before.
2016-08-02 18:53:03,705 [Worker-9] WARN  o.e.m.c.i.embedder.EclipseLogger - The POM for org.codehaus.mojo:build-helper-maven-plugin:jar:1.9.1 is missing, no dependency information available
2016-08-02 18:53:03,705 [Worker-9] WARN  o.e.m.c.i.embedder.EclipseLogger - Failed to retrieve plugin descriptor for org.codehaus.mojo:build-helper-maven-plugin:1.9.1: Plugin org.codehaus.mojo:build-helper-maven-plugin:1.9.1 or one of its dependencies could not be resolved: Cannot access central (http://repo.maven.apache.org/maven2) in offline mode and the artifact org.codehaus.mojo:build-helper-maven-plugin:jar:1.9.1 has not been downloaded from it before.
2016-08-02 18:53:03,706 [Worker-9] WARN  o.e.m.c.i.embedder.EclipseLogger - The POM for org.apache.maven.plugins:maven-help-plugin:jar:2.2 is missing, no dependency information available
2016-08-02 18:53:03,707 [Worker-9] WARN  o.e.m.c.i.embedder.EclipseLogger - Failed to retrieve plugin descriptor for org.apache.maven.plugins:maven-help-plugin:2.2: Plugin org.apache.maven.plugins:maven-help-plugin:2.2 or one of its dependencies could not be resolved: Cannot access central (http://repo.maven.apache.org/maven2) in offline mode and the artifact org.apache.maven.plugins:maven-help-plugin:jar:2.2 has not been downloaded from it before.
2016-08-02 18:53:03,708 [Worker-9] WARN  o.e.m.c.i.embedder.EclipseLogger - The POM for org.codehaus.mojo:xml-maven-plugin:jar:1.0 is missing, no dependency information available
2016-08-02 18:53:03,709 [Worker-9] WARN  o.e.m.c.i.embedder.EclipseLogger - Failed to retrieve plugin descriptor for org.codehaus.mojo:xml-maven-plugin:1.0: Plugin org.codehaus.mojo:xml-maven-plugin:1.0 or one of its dependencies could not be resolved: Cannot access central (http://repo.maven.apache.org/maven2) in offline mode and the artifact org.codehaus.mojo:xml-maven-plugin:jar:1.0 has not been downloaded from it before.
2016-08-02 18:53:03,709 [Worker-9] WARN  o.e.m.c.i.embedder.EclipseLogger - The POM for org.codehaus.mojo:build-helper-maven-plugin:jar:1.9.1 is missing, no dependency information available
2016-08-02 18:53:03,710 [Worker-9] WARN  o.e.m.c.i.embedder.EclipseLogger - Failed to retrieve plugin descriptor for org.codehaus.mojo:build-helper-maven-plugin:1.9.1: Plugin org.codehaus.mojo:build-helper-maven-plugin:1.9.1 or one of its dependencies could not be resolved: Cannot access central (http://repo.maven.apache.org/maven2) in offline mode and the artifact org.codehaus.mojo:build-helper-maven-plugin:jar:1.9.1 has not been downloaded from it before.
2016-08-02 18:53:03,712 [Worker-9] INFO  o.e.m.c.i.embedder.EclipseLogger - Using 'UTF-8' encoding to copy filtered resources.
2016-08-02 19:25:03,625 [Worker-11] INFO  o.e.m.c.i.embedder.EclipseLogger - Using 'UTF-8' encoding to copy filtered resources.
2016-08-02 19:25:03,627 [Worker-11] INFO  o.e.m.c.i.embedder.EclipseLogger - Copying 1 resource
2016-08-02 19:25:03,628 [Worker-11] INFO  o.e.m.c.i.embedder.EclipseLogger - Copying 0 resource
2016-08-02 19:25:03,629 [Worker-11] INFO  o.e.m.c.i.embedder.EclipseLogger - Not copying test resources
2016-08-02 19:27:18,114 [Worker-11] INFO  o.e.m.c.i.embedder.EclipseLogger - Using 'UTF-8' encoding to copy filtered resources.
2016-08-02 19:27:18,115 [Worker-11] INFO  o.e.m.c.i.embedder.EclipseLogger - Copying 1 resource
2016-08-02 19:27:18,116 [Worker-11] INFO  o.e.m.c.i.embedder.EclipseLogger - Copying 0 resource
2016-08-02 19:27:18,117 [Worker-11] INFO  o.e.m.c.i.embedder.EclipseLogger - Not copying test resources
2016-08-02 19:27:44,971 [Worker-10] INFO  o.e.m.c.i.l.LifecycleMappingFactory - Using org.maven.ide.eclipse.wtp.WarLifecycleMapping lifecycle mapping for MavenProject: org.ahea:ahea:0.0.1-SNAPSHOT @ /Users/nohsunghyun/Documents/blindinterview/repo/blindinterview-web-client/web-client/pom.xml.
2016-08-02 19:27:45,233 [Worker-10] INFO  o.e.m.c.i.embedder.EclipseLogger - Using 'UTF-8' encoding to copy filtered resources.
2016-08-02 19:27:45,234 [Worker-10] INFO  o.e.m.c.i.embedder.EclipseLogger - Copying 0 resource
2016-08-02 19:27:45,234 [Worker-10] INFO  o.e.m.c.i.embedder.EclipseLogger - Copying 0 resource
2016-08-02 19:27:45,236 [Worker-10] INFO  o.e.m.c.i.embedder.EclipseLogger - Not copying test resources
2016-08-02 19:27:45,237 [Worker-10] INFO  o.e.m.w.i.f.ResourceFilteringBuildParticipant - Changed resources require a complete clean of filtered resources of web-client
2016-08-02 19:27:45,237 [Worker-10] INFO  o.e.m.w.i.f.ResourceFilteringBuildParticipant - Executing resource filtering for web-client
2016-08-02 19:27:45,240 [Worker-10] WARN  o.e.m.c.i.embedder.EclipseLogger - The POM for org.apache.maven.plugins:maven-help-plugin:jar:2.2 is missing, no dependency information available
2016-08-02 19:27:45,241 [Worker-10] WARN  o.e.m.c.i.embedder.EclipseLogger - Failed to retrieve plugin descriptor for org.apache.maven.plugins:maven-help-plugin:2.2: Plugin org.apache.maven.plugins:maven-help-plugin:2.2 or one of its dependencies could not be resolved: Cannot access central (http://repo.maven.apache.org/maven2) in offline mode and the artifact org.apache.maven.plugins:maven-help-plugin:jar:2.2 has not been downloaded from it before.
2016-08-02 19:27:45,243 [Worker-10] WARN  o.e.m.c.i.embedder.EclipseLogger - The POM for org.codehaus.mojo:xml-maven-plugin:jar:1.0 is missing, no dependency information available
2016-08-02 19:27:45,245 [Worker-10] WARN  o.e.m.c.i.embedder.EclipseLogger - Failed to retrieve plugin descriptor for org.codehaus.mojo:xml-maven-plugin:1.0: Plugin org.codehaus.mojo:xml-maven-plugin:1.0 or one of its dependencies could not be resolved: Cannot access central (http://repo.maven.apache.org/maven2) in offline mode and the artifact org.codehaus.mojo:xml-maven-plugin:jar:1.0 has not been downloaded from it before.
2016-08-02 19:27:45,246 [Worker-10] WARN  o.e.m.c.i.embedder.EclipseLogger - The POM for org.codehaus.mojo:build-helper-maven-plugin:jar:1.9.1 is missing, no dependency information available
2016-08-02 19:27:45,247 [Worker-10] WARN  o.e.m.c.i.embedder.EclipseLogger - Failed to retrieve plugin descriptor for org.codehaus.mojo:build-helper-maven-plugin:1.9.1: Plugin org.codehaus.mojo:build-helper-maven-plugin:1.9.1 or one of its dependencies could not be resolved: Cannot access central (http://repo.maven.apache.org/maven2) in offline mode and the artifact org.codehaus.mojo:build-helper-maven-plugin:jar:1.9.1 has not been downloaded from it before.
2016-08-02 19:27:45,250 [Worker-10] WARN  o.e.m.c.i.embedder.EclipseLogger - The POM for org.apache.maven.plugins:maven-help-plugin:jar:2.2 is missing, no dependency information available
2016-08-02 19:27:45,251 [Worker-10] WARN  o.e.m.c.i.embedder.EclipseLogger - Failed to retrieve plugin descriptor for org.apache.maven.plugins:maven-help-plugin:2.2: Plugin org.apache.maven.plugins:maven-help-plugin:2.2 or one of its dependencies could not be resolved: Cannot access central (http://repo.maven.apache.org/maven2) in offline mode and the artifact org.apache.maven.plugins:maven-help-plugin:jar:2.2 has not been downloaded from it before.
2016-08-02 19:27:45,252 [Worker-10] WARN  o.e.m.c.i.embedder.EclipseLogger - The POM for org.codehaus.mojo:xml-maven-plugin:jar:1.0 is missing, no dependency information available
2016-08-02 19:27:45,255 [Worker-10] WARN  o.e.m.c.i.embedder.EclipseLogger - Failed to retrieve plugin descriptor for org.codehaus.mojo:xml-maven-plugin:1.0: Plugin org.codehaus.mojo:xml-maven-plugin:1.0 or one of its dependencies could not be resolved: Cannot access central (http://repo.maven.apache.org/maven2) in offline mode and the artifact org.codehaus.mojo:xml-maven-plugin:jar:1.0 has not been downloaded from it before.
2016-08-02 19:27:45,256 [Worker-10] WARN  o.e.m.c.i.embedder.EclipseLogger - The POM for org.codehaus.mojo:build-helper-maven-plugin:jar:1.9.1 is missing, no dependency information available
2016-08-02 19:27:45,257 [Worker-10] WARN  o.e.m.c.i.embedder.EclipseLogger - Failed to retrieve plugin descriptor for org.codehaus.mojo:build-helper-maven-plugin:1.9.1: Plugin org.codehaus.mojo:build-helper-maven-plugin:1.9.1 or one of its dependencies could not be resolved: Cannot access central (http://repo.maven.apache.org/maven2) in offline mode and the artifact org.codehaus.mojo:build-helper-maven-plugin:jar:1.9.1 has not been downloaded from it before.
2016-08-02 19:27:45,261 [Worker-10] INFO  o.e.m.c.i.embedder.EclipseLogger - Using 'UTF-8' encoding to copy filtered resources.
2016-08-02 19:27:46,422 [Worker-11] INFO  o.e.m.c.i.embedder.EclipseLogger - Using 'UTF-8' encoding to copy filtered resources.
2016-08-02 19:27:46,422 [Worker-11] INFO  o.e.m.c.i.embedder.EclipseLogger - Copying 1 resource
2016-08-02 19:27:46,423 [Worker-11] INFO  o.e.m.c.i.embedder.EclipseLogger - Copying 0 resource
2016-08-02 19:27:46,425 [Worker-11] INFO  o.e.m.c.i.embedder.EclipseLogger - Not copying test resources
2016-08-02 19:33:36,955 [Worker-15] INFO  o.e.m.c.i.embedder.EclipseLogger - Using 'UTF-8' encoding to copy filtered resources.
2016-08-02 19:33:36,955 [Worker-15] INFO  o.e.m.c.i.embedder.EclipseLogger - Copying 0 resource
2016-08-02 19:33:36,955 [Worker-15] INFO  o.e.m.c.i.embedder.EclipseLogger - Copying 0 resource
2016-08-02 19:33:36,958 [Worker-15] INFO  o.e.m.c.i.embedder.EclipseLogger - Not copying test resources
2016-08-04 13:52:46,031 [Worker-8] INFO  o.e.m.c.i.embedder.EclipseLogger - Using 'UTF-8' encoding to copy filtered resources.
2016-08-04 13:52:46,040 [Worker-8] INFO  o.e.m.c.i.embedder.EclipseLogger - Copying 1 resource
2016-08-04 13:52:46,054 [Worker-8] INFO  o.e.m.c.i.embedder.EclipseLogger - Copying 0 resource
2016-08-04 13:52:46,058 [Worker-8] INFO  o.e.m.c.i.embedder.EclipseLogger - Not copying test resources
2016-08-04 13:53:09,040 [Worker-8] INFO  o.e.m.c.i.embedder.EclipseLogger - Using 'UTF-8' encoding to copy filtered resources.
2016-08-04 13:53:09,044 [Worker-8] INFO  o.e.m.c.i.embedder.EclipseLogger - Copying 1 resource
2016-08-04 13:53:09,045 [Worker-8] INFO  o.e.m.c.i.embedder.EclipseLogger - Copying 0 resource
2016-08-04 13:53:09,046 [Worker-8] INFO  o.e.m.c.i.embedder.EclipseLogger - Not copying test resources
2016-08-04 13:53:34,729 [Worker-7] INFO  o.e.m.c.i.embedder.EclipseLogger - Using 'UTF-8' encoding to copy filtered resources.
2016-08-04 13:53:34,731 [Worker-7] INFO  o.e.m.c.i.embedder.EclipseLogger - Copying 0 resource
2016-08-04 13:53:34,731 [Worker-7] INFO  o.e.m.c.i.embedder.EclipseLogger - Copying 0 resource
2016-08-04 13:53:34,733 [Worker-7] INFO  o.e.m.c.i.embedder.EclipseLogger - Not copying test resources
2016-08-04 13:55:36,696 [Worker-9] INFO  o.e.m.c.i.embedder.EclipseLogger - Using 'UTF-8' encoding to copy filtered resources.
2016-08-04 13:55:36,697 [Worker-9] INFO  o.e.m.c.i.embedder.EclipseLogger - Copying 0 resource
2016-08-04 13:55:36,697 [Worker-9] INFO  o.e.m.c.i.embedder.EclipseLogger - Copying 0 resource
2016-08-04 13:55:36,700 [Worker-9] INFO  o.e.m.c.i.embedder.EclipseLogger - Not copying test resources
2016-08-04 13:55:43,579 [Worker-6] INFO  o.e.m.c.i.embedder.EclipseLogger - Using 'UTF-8' encoding to copy filtered resources.
2016-08-04 13:55:43,580 [Worker-6] INFO  o.e.m.c.i.embedder.EclipseLogger - Copying 0 resource
2016-08-04 13:55:43,580 [Worker-6] INFO  o.e.m.c.i.embedder.EclipseLogger - Copying 0 resource
2016-08-04 13:55:43,583 [Worker-6] INFO  o.e.m.c.i.embedder.EclipseLogger - Not copying test resources
2016-08-04 13:56:07,660 [Worker-2] INFO  o.e.m.c.i.embedder.EclipseLogger - Using 'UTF-8' encoding to copy filtered resources.
2016-08-04 13:56:07,661 [Worker-2] INFO  o.e.m.c.i.embedder.EclipseLogger - Copying 0 resource
2016-08-04 13:56:07,661 [Worker-2] INFO  o.e.m.c.i.embedder.EclipseLogger - Copying 0 resource
2016-08-04 13:56:07,663 [Worker-2] INFO  o.e.m.c.i.embedder.EclipseLogger - Not copying test resources
2016-08-04 13:56:12,239 [Worker-2] INFO  o.e.m.c.i.embedder.EclipseLogger - Using 'UTF-8' encoding to copy filtered resources.
2016-08-04 13:56:12,240 [Worker-2] INFO  o.e.m.c.i.embedder.EclipseLogger - Copying 0 resource
2016-08-04 13:56:12,240 [Worker-2] INFO  o.e.m.c.i.embedder.EclipseLogger - Copying 0 resource
2016-08-04 13:56:12,242 [Worker-2] INFO  o.e.m.c.i.embedder.EclipseLogger - Not copying test resources
2016-08-04 13:56:52,947 [Worker-9] INFO  o.e.m.c.i.embedder.EclipseLogger - Using 'UTF-8' encoding to copy filtered resources.
2016-08-04 13:56:52,947 [Worker-9] INFO  o.e.m.c.i.embedder.EclipseLogger - Copying 0 resource
2016-08-04 13:56:52,947 [Worker-9] INFO  o.e.m.c.i.embedder.EclipseLogger - Copying 0 resource
2016-08-04 13:56:52,950 [Worker-9] INFO  o.e.m.c.i.embedder.EclipseLogger - Not copying test resources
2016-08-04 13:59:33,215 [Worker-2] INFO  o.e.m.c.i.embedder.EclipseLogger - Using 'UTF-8' encoding to copy filtered resources.
2016-08-04 13:59:33,216 [Worker-2] INFO  o.e.m.c.i.embedder.EclipseLogger - Copying 0 resource
2016-08-04 13:59:33,216 [Worker-2] INFO  o.e.m.c.i.embedder.EclipseLogger - Copying 0 resource
2016-08-04 13:59:33,217 [Worker-2] INFO  o.e.m.c.i.embedder.EclipseLogger - Not copying test resources
2016-08-04 14:00:18,422 [Worker-14] INFO  o.e.m.c.i.embedder.EclipseLogger - Using 'UTF-8' encoding to copy filtered resources.
2016-08-04 14:00:18,423 [Worker-14] INFO  o.e.m.c.i.embedder.EclipseLogger - Copying 0 resource
2016-08-04 14:00:18,423 [Worker-14] INFO  o.e.m.c.i.embedder.EclipseLogger - Copying 0 resource
2016-08-04 14:00:18,425 [Worker-14] INFO  o.e.m.c.i.embedder.EclipseLogger - Not copying test resources
2016-08-04 14:00:45,339 [Worker-9] INFO  o.e.m.c.i.embedder.EclipseLogger - Using 'UTF-8' encoding to copy filtered resources.
2016-08-04 14:00:45,340 [Worker-9] INFO  o.e.m.c.i.embedder.EclipseLogger - Copying 0 resource
2016-08-04 14:00:45,340 [Worker-9] INFO  o.e.m.c.i.embedder.EclipseLogger - Copying 0 resource
2016-08-04 14:00:45,341 [Worker-9] INFO  o.e.m.c.i.embedder.EclipseLogger - Not copying test resources
2016-08-04 14:08:00,685 [Worker-14] INFO  o.e.m.c.i.embedder.EclipseLogger - Using 'UTF-8' encoding to copy filtered resources.
2016-08-04 14:08:00,686 [Worker-14] INFO  o.e.m.c.i.embedder.EclipseLogger - Copying 1 resource
2016-08-04 14:08:00,687 [Worker-14] INFO  o.e.m.c.i.embedder.EclipseLogger - Copying 0 resource
2016-08-04 14:08:00,688 [Worker-14] INFO  o.e.m.c.i.embedder.EclipseLogger - Not copying test resources
2016-08-04 14:08:41,753 [Worker-2] INFO  o.e.m.c.i.embedder.EclipseLogger - Using 'UTF-8' encoding to copy filtered resources.
2016-08-04 14:08:41,753 [Worker-2] INFO  o.e.m.c.i.embedder.EclipseLogger - Copying 1 resource
2016-08-04 14:08:41,754 [Worker-2] INFO  o.e.m.c.i.embedder.EclipseLogger - Copying 0 resource
2016-08-04 14:08:41,755 [Worker-2] INFO  o.e.m.c.i.embedder.EclipseLogger - Not copying test resources
2016-08-04 14:08:55,096 [Worker-14] INFO  o.e.m.c.i.embedder.EclipseLogger - Using 'UTF-8' encoding to copy filtered resources.
2016-08-04 14:08:55,097 [Worker-14] INFO  o.e.m.c.i.embedder.EclipseLogger - Copying 1 resource
2016-08-04 14:08:55,097 [Worker-14] INFO  o.e.m.c.i.embedder.EclipseLogger - Copying 0 resource
2016-08-04 14:08:55,099 [Worker-14] INFO  o.e.m.c.i.embedder.EclipseLogger - Not copying test resources
2016-08-04 14:09:08,730 [Worker-15] INFO  o.e.m.c.i.embedder.EclipseLogger - Using 'UTF-8' encoding to copy filtered resources.
2016-08-04 14:09:08,731 [Worker-15] INFO  o.e.m.c.i.embedder.EclipseLogger - Copying 1 resource
2016-08-04 14:09:08,731 [Worker-15] INFO  o.e.m.c.i.embedder.EclipseLogger - Copying 0 resource
2016-08-04 14:09:08,732 [Worker-15] INFO  o.e.m.c.i.embedder.EclipseLogger - Not copying test resources
2016-08-04 14:09:43,098 [Worker-8] INFO  o.e.m.c.i.embedder.EclipseLogger - Using 'UTF-8' encoding to copy filtered resources.
2016-08-04 14:09:43,098 [Worker-8] INFO  o.e.m.c.i.embedder.EclipseLogger - Copying 1 resource
2016-08-04 14:09:43,099 [Worker-8] INFO  o.e.m.c.i.embedder.EclipseLogger - Copying 0 resource
2016-08-04 14:09:43,101 [Worker-8] INFO  o.e.m.c.i.embedder.EclipseLogger - Not copying test resources
2016-08-04 14:10:08,441 [Worker-18] INFO  o.e.m.c.i.embedder.EclipseLogger - Using 'UTF-8' encoding to copy filtered resources.
2016-08-04 14:10:08,441 [Worker-18] INFO  o.e.m.c.i.embedder.EclipseLogger - Copying 1 resource
2016-08-04 14:10:08,442 [Worker-18] INFO  o.e.m.c.i.embedder.EclipseLogger - Copying 0 resource
2016-08-04 14:10:08,444 [Worker-18] INFO  o.e.m.c.i.embedder.EclipseLogger - Not copying test resources
2016-08-04 14:10:16,852 [Worker-2] INFO  o.e.m.c.i.embedder.EclipseLogger - Using 'UTF-8' encoding to copy filtered resources.
2016-08-04 14:10:16,853 [Worker-2] INFO  o.e.m.c.i.embedder.EclipseLogger - Copying 0 resource
2016-08-04 14:10:16,853 [Worker-2] INFO  o.e.m.c.i.embedder.EclipseLogger - Copying 0 resource
2016-08-04 14:10:16,854 [Worker-2] INFO  o.e.m.c.i.embedder.EclipseLogger - Not copying test resources
2016-08-04 14:10:21,748 [Worker-8] INFO  o.e.m.c.i.embedder.EclipseLogger - Using 'UTF-8' encoding to copy filtered resources.
2016-08-04 14:10:21,749 [Worker-8] INFO  o.e.m.c.i.embedder.EclipseLogger - Copying 0 resource
2016-08-04 14:10:21,749 [Worker-8] INFO  o.e.m.c.i.embedder.EclipseLogger - Copying 0 resource
2016-08-04 14:10:21,752 [Worker-8] INFO  o.e.m.c.i.embedder.EclipseLogger - Not copying test resources
2016-08-04 14:10:37,078 [Worker-8] INFO  o.e.m.c.i.embedder.EclipseLogger - Using 'UTF-8' encoding to copy filtered resources.
2016-08-04 14:10:37,079 [Worker-8] INFO  o.e.m.c.i.embedder.EclipseLogger - Copying 0 resource
2016-08-04 14:10:37,079 [Worker-8] INFO  o.e.m.c.i.embedder.EclipseLogger - Copying 0 resource
2016-08-04 14:10:37,081 [Worker-8] INFO  o.e.m.c.i.embedder.EclipseLogger - Not copying test resources
2016-08-04 14:11:11,844 [Worker-6] INFO  o.e.m.c.i.embedder.EclipseLogger - Using 'UTF-8' encoding to copy filtered resources.
2016-08-04 14:11:11,845 [Worker-6] INFO  o.e.m.c.i.embedder.EclipseLogger - Copying 1 resource
2016-08-04 14:11:11,845 [Worker-6] INFO  o.e.m.c.i.embedder.EclipseLogger - Copying 0 resource
2016-08-04 14:11:11,847 [Worker-6] INFO  o.e.m.c.i.embedder.EclipseLogger - Not copying test resources
2016-08-04 14:11:18,030 [Worker-17] INFO  o.e.m.c.i.embedder.EclipseLogger - Using 'UTF-8' encoding to copy filtered resources.
2016-08-04 14:11:18,030 [Worker-17] INFO  o.e.m.c.i.embedder.EclipseLogger - Copying 1 resource
2016-08-04 14:11:18,031 [Worker-17] INFO  o.e.m.c.i.embedder.EclipseLogger - Copying 0 resource
2016-08-04 14:11:18,032 [Worker-17] INFO  o.e.m.c.i.embedder.EclipseLogger - Not copying test resources
2016-08-04 14:11:21,162 [Worker-15] INFO  o.e.m.c.i.embedder.EclipseLogger - Using 'UTF-8' encoding to copy filtered resources.
2016-08-04 14:11:21,162 [Worker-15] INFO  o.e.m.c.i.embedder.EclipseLogger - Copying 1 resource
2016-08-04 14:11:21,163 [Worker-15] INFO  o.e.m.c.i.embedder.EclipseLogger - Copying 0 resource
2016-08-04 14:11:21,164 [Worker-15] INFO  o.e.m.c.i.embedder.EclipseLogger - Not copying test resources
2016-08-04 14:11:26,598 [Worker-16] INFO  o.e.m.c.i.embedder.EclipseLogger - Using 'UTF-8' encoding to copy filtered resources.
2016-08-04 14:11:26,599 [Worker-16] INFO  o.e.m.c.i.embedder.EclipseLogger - Copying 1 resource
2016-08-04 14:11:26,599 [Worker-16] INFO  o.e.m.c.i.embedder.EclipseLogger - Copying 0 resource
2016-08-04 14:11:26,601 [Worker-16] INFO  o.e.m.c.i.embedder.EclipseLogger - Not copying test resources
2016-08-04 14:12:37,743 [Worker-18] INFO  o.e.m.c.i.embedder.EclipseLogger - Using 'UTF-8' encoding to copy filtered resources.
2016-08-04 14:12:37,743 [Worker-18] INFO  o.e.m.c.i.embedder.EclipseLogger - Copying 0 resource
2016-08-04 14:12:37,743 [Worker-18] INFO  o.e.m.c.i.embedder.EclipseLogger - Copying 0 resource
2016-08-04 14:12:37,744 [Worker-18] INFO  o.e.m.c.i.embedder.EclipseLogger - Not copying test resources
2016-08-04 14:13:54,697 [Worker-15] INFO  o.e.m.c.i.embedder.EclipseLogger - Using 'UTF-8' encoding to copy filtered resources.
2016-08-04 14:13:54,698 [Worker-15] INFO  o.e.m.c.i.embedder.EclipseLogger - Copying 0 resource
2016-08-04 14:13:54,698 [Worker-15] INFO  o.e.m.c.i.embedder.EclipseLogger - Copying 0 resource
2016-08-04 14:13:54,699 [Worker-15] INFO  o.e.m.c.i.embedder.EclipseLogger - Not copying test resources
2016-08-04 14:14:10,548 [Worker-6] INFO  o.e.m.c.i.embedder.EclipseLogger - Using 'UTF-8' encoding to copy filtered resources.
2016-08-04 14:14:10,549 [Worker-6] INFO  o.e.m.c.i.embedder.EclipseLogger - Copying 0 resource
2016-08-04 14:14:10,549 [Worker-6] INFO  o.e.m.c.i.embedder.EclipseLogger - Copying 0 resource
2016-08-04 14:14:10,550 [Worker-6] INFO  o.e.m.c.i.embedder.EclipseLogger - Not copying test resources
2016-08-04 14:14:51,727 [Worker-6] INFO  o.e.m.c.i.embedder.EclipseLogger - Using 'UTF-8' encoding to copy filtered resources.
2016-08-04 14:14:51,728 [Worker-6] INFO  o.e.m.c.i.embedder.EclipseLogger - Copying 0 resource
2016-08-04 14:14:51,728 [Worker-6] INFO  o.e.m.c.i.embedder.EclipseLogger - Copying 0 resource
2016-08-04 14:14:51,729 [Worker-6] INFO  o.e.m.c.i.embedder.EclipseLogger - Not copying test resources
2016-08-04 14:16:18,746 [Worker-16] INFO  o.e.m.c.i.embedder.EclipseLogger - Using 'UTF-8' encoding to copy filtered resources.
2016-08-04 14:16:18,746 [Worker-16] INFO  o.e.m.c.i.embedder.EclipseLogger - Copying 0 resource
2016-08-04 14:16:18,746 [Worker-16] INFO  o.e.m.c.i.embedder.EclipseLogger - Copying 0 resource
2016-08-04 14:16:18,747 [Worker-16] INFO  o.e.m.c.i.embedder.EclipseLogger - Not copying test resources
2016-08-04 14:16:42,434 [Worker-6] INFO  o.e.m.c.i.embedder.EclipseLogger - Using 'UTF-8' encoding to copy filtered resources.
2016-08-04 14:16:42,435 [Worker-6] INFO  o.e.m.c.i.embedder.EclipseLogger - Copying 0 resource
2016-08-04 14:16:42,435 [Worker-6] INFO  o.e.m.c.i.embedder.EclipseLogger - Copying 0 resource
2016-08-04 14:16:42,438 [Worker-6] INFO  o.e.m.c.i.embedder.EclipseLogger - Not copying test resources
2016-08-04 14:16:49,657 [Worker-14] INFO  o.e.m.c.i.embedder.EclipseLogger - Using 'UTF-8' encoding to copy filtered resources.
2016-08-04 14:16:49,658 [Worker-14] INFO  o.e.m.c.i.embedder.EclipseLogger - Copying 0 resource
2016-08-04 14:16:49,658 [Worker-14] INFO  o.e.m.c.i.embedder.EclipseLogger - Copying 0 resource
2016-08-04 14:16:49,659 [Worker-14] INFO  o.e.m.c.i.embedder.EclipseLogger - Not copying test resources
2016-08-04 14:18:11,552 [Worker-14] INFO  o.e.m.c.i.embedder.EclipseLogger - Using 'UTF-8' encoding to copy filtered resources.
2016-08-04 14:18:11,552 [Worker-14] INFO  o.e.m.c.i.embedder.EclipseLogger - Copying 0 resource
2016-08-04 14:18:11,553 [Worker-14] INFO  o.e.m.c.i.embedder.EclipseLogger - Copying 0 resource
2016-08-04 14:18:11,554 [Worker-14] INFO  o.e.m.c.i.embedder.EclipseLogger - Not copying test resources
2016-08-04 14:18:53,797 [Worker-19] INFO  o.e.m.c.i.embedder.EclipseLogger - Using 'UTF-8' encoding to copy filtered resources.
2016-08-04 14:18:53,798 [Worker-19] INFO  o.e.m.c.i.embedder.EclipseLogger - Copying 0 resource
2016-08-04 14:18:53,798 [Worker-19] INFO  o.e.m.c.i.embedder.EclipseLogger - Copying 0 resource
2016-08-04 14:18:53,799 [Worker-19] INFO  o.e.m.c.i.embedder.EclipseLogger - Not copying test resources
2016-08-04 14:19:18,171 [Worker-14] INFO  o.e.m.c.i.embedder.EclipseLogger - Using 'UTF-8' encoding to copy filtered resources.
2016-08-04 14:19:18,171 [Worker-14] INFO  o.e.m.c.i.embedder.EclipseLogger - Copying 0 resource
2016-08-04 14:19:18,172 [Worker-14] INFO  o.e.m.c.i.embedder.EclipseLogger - Copying 0 resource
2016-08-04 14:19:18,173 [Worker-14] INFO  o.e.m.c.i.embedder.EclipseLogger - Not copying test resources
2016-08-04 14:19:33,738 [Worker-14] INFO  o.e.m.c.i.embedder.EclipseLogger - Using 'UTF-8' encoding to copy filtered resources.
2016-08-04 14:19:33,738 [Worker-14] INFO  o.e.m.c.i.embedder.EclipseLogger - Copying 0 resource
2016-08-04 14:19:33,738 [Worker-14] INFO  o.e.m.c.i.embedder.EclipseLogger - Copying 0 resource
2016-08-04 14:19:33,739 [Worker-14] INFO  o.e.m.c.i.embedder.EclipseLogger - Not copying test resources
2016-08-04 14:20:45,860 [Worker-14] INFO  o.e.m.c.i.embedder.EclipseLogger - Using 'UTF-8' encoding to copy filtered resources.
2016-08-04 14:20:45,860 [Worker-14] INFO  o.e.m.c.i.embedder.EclipseLogger - Copying 0 resource
2016-08-04 14:20:45,860 [Worker-14] INFO  o.e.m.c.i.embedder.EclipseLogger - Copying 0 resource
2016-08-04 14:20:45,862 [Worker-14] INFO  o.e.m.c.i.embedder.EclipseLogger - Not copying test resources
2016-08-04 14:21:48,979 [Worker-6] INFO  o.e.m.c.i.embedder.EclipseLogger - Using 'UTF-8' encoding to copy filtered resources.
2016-08-04 14:21:48,980 [Worker-6] INFO  o.e.m.c.i.embedder.EclipseLogger - Copying 0 resource
2016-08-04 14:21:48,980 [Worker-6] INFO  o.e.m.c.i.embedder.EclipseLogger - Copying 0 resource
2016-08-04 14:21:48,981 [Worker-6] INFO  o.e.m.c.i.embedder.EclipseLogger - Not copying test resources
2016-08-04 14:21:54,457 [Worker-6] INFO  o.e.m.c.i.embedder.EclipseLogger - Using 'UTF-8' encoding to copy filtered resources.
2016-08-04 14:21:54,457 [Worker-6] INFO  o.e.m.c.i.embedder.EclipseLogger - Copying 0 resource
2016-08-04 14:21:54,457 [Worker-6] INFO  o.e.m.c.i.embedder.EclipseLogger - Copying 0 resource
2016-08-04 14:21:54,459 [Worker-6] INFO  o.e.m.c.i.embedder.EclipseLogger - Not copying test resources
2016-08-04 14:21:58,091 [Worker-19] INFO  o.e.m.c.i.embedder.EclipseLogger - Using 'UTF-8' encoding to copy filtered resources.
2016-08-04 14:21:58,092 [Worker-19] INFO  o.e.m.c.i.embedder.EclipseLogger - Copying 0 resource
2016-08-04 14:21:58,092 [Worker-19] INFO  o.e.m.c.i.embedder.EclipseLogger - Copying 0 resource
2016-08-04 14:21:58,093 [Worker-19] INFO  o.e.m.c.i.embedder.EclipseLogger - Not copying test resources
2016-08-04 14:22:14,998 [Worker-16] INFO  o.e.m.c.i.embedder.EclipseLogger - Using 'UTF-8' encoding to copy filtered resources.
2016-08-04 14:22:14,998 [Worker-16] INFO  o.e.m.c.i.embedder.EclipseLogger - Copying 0 resource
2016-08-04 14:22:14,998 [Worker-16] INFO  o.e.m.c.i.embedder.EclipseLogger - Copying 0 resource
2016-08-04 14:22:15,000 [Worker-16] INFO  o.e.m.c.i.embedder.EclipseLogger - Not copying test resources
2016-08-04 14:22:38,364 [Worker-14] INFO  o.e.m.c.i.embedder.EclipseLogger - Using 'UTF-8' encoding to copy filtered resources.
2016-08-04 14:22:38,365 [Worker-14] INFO  o.e.m.c.i.embedder.EclipseLogger - Copying 0 resource
2016-08-04 14:22:38,365 [Worker-14] INFO  o.e.m.c.i.embedder.EclipseLogger - Copying 0 resource
2016-08-04 14:22:38,365 [Worker-14] INFO  o.e.m.c.i.embedder.EclipseLogger - Not copying test resources
2016-08-04 14:22:43,764 [Worker-16] INFO  o.e.m.c.i.embedder.EclipseLogger - Using 'UTF-8' encoding to copy filtered resources.
2016-08-04 14:22:43,764 [Worker-16] INFO  o.e.m.c.i.embedder.EclipseLogger - Copying 0 resource
2016-08-04 14:22:43,764 [Worker-16] INFO  o.e.m.c.i.embedder.EclipseLogger - Copying 0 resource
2016-08-04 14:22:43,766 [Worker-16] INFO  o.e.m.c.i.embedder.EclipseLogger - Not copying test resources
2016-08-04 14:23:03,823 [Worker-20] INFO  o.e.m.c.i.embedder.EclipseLogger - Using 'UTF-8' encoding to copy filtered resources.
2016-08-04 14:23:03,823 [Worker-20] INFO  o.e.m.c.i.embedder.EclipseLogger - Copying 0 resource
2016-08-04 14:23:03,823 [Worker-20] INFO  o.e.m.c.i.embedder.EclipseLogger - Copying 0 resource
2016-08-04 14:23:03,825 [Worker-20] INFO  o.e.m.c.i.embedder.EclipseLogger - Not copying test resources
2016-08-04 14:23:46,526 [Worker-20] INFO  o.e.m.c.i.embedder.EclipseLogger - Using 'UTF-8' encoding to copy filtered resources.
2016-08-04 14:23:46,526 [Worker-20] INFO  o.e.m.c.i.embedder.EclipseLogger - Copying 0 resource
2016-08-04 14:23:46,526 [Worker-20] INFO  o.e.m.c.i.embedder.EclipseLogger - Copying 0 resource
2016-08-04 14:23:46,527 [Worker-20] INFO  o.e.m.c.i.embedder.EclipseLogger - Not copying test resources
2016-08-04 14:24:03,038 [Worker-14] INFO  o.e.m.c.i.embedder.EclipseLogger - Using 'UTF-8' encoding to copy filtered resources.
2016-08-04 14:24:03,038 [Worker-14] INFO  o.e.m.c.i.embedder.EclipseLogger - Copying 0 resource
2016-08-04 14:24:03,038 [Worker-14] INFO  o.e.m.c.i.embedder.EclipseLogger - Copying 0 resource
2016-08-04 14:24:03,039 [Worker-14] INFO  o.e.m.c.i.embedder.EclipseLogger - Not copying test resources
2016-08-04 14:24:53,631 [Worker-16] INFO  o.e.m.c.i.embedder.EclipseLogger - Using 'UTF-8' encoding to copy filtered resources.
2016-08-04 14:24:53,631 [Worker-16] INFO  o.e.m.c.i.embedder.EclipseLogger - Copying 0 resource
2016-08-04 14:24:53,631 [Worker-16] INFO  o.e.m.c.i.embedder.EclipseLogger - Copying 0 resource
2016-08-04 14:24:53,632 [Worker-16] INFO  o.e.m.c.i.embedder.EclipseLogger - Not copying test resources
2016-08-04 14:25:34,597 [Worker-2] INFO  o.e.m.c.i.embedder.EclipseLogger - Using 'UTF-8' encoding to copy filtered resources.
2016-08-04 14:25:34,597 [Worker-2] INFO  o.e.m.c.i.embedder.EclipseLogger - Copying 1 resource
2016-08-04 14:25:34,598 [Worker-2] INFO  o.e.m.c.i.embedder.EclipseLogger - Copying 0 resource
2016-08-04 14:25:34,599 [Worker-2] INFO  o.e.m.c.i.embedder.EclipseLogger - Not copying test resources
2016-08-04 14:25:38,277 [Worker-2] INFO  o.e.m.c.i.embedder.EclipseLogger - Using 'UTF-8' encoding to copy filtered resources.
2016-08-04 14:25:38,278 [Worker-2] INFO  o.e.m.c.i.embedder.EclipseLogger - Copying 1 resource
2016-08-04 14:25:38,278 [Worker-2] INFO  o.e.m.c.i.embedder.EclipseLogger - Copying 0 resource
2016-08-04 14:25:38,279 [Worker-2] INFO  o.e.m.c.i.embedder.EclipseLogger - Not copying test resources
2016-08-04 14:25:43,412 [Worker-14] INFO  o.e.m.c.i.embedder.EclipseLogger - Using 'UTF-8' encoding to copy filtered resources.
2016-08-04 14:25:43,412 [Worker-14] INFO  o.e.m.c.i.embedder.EclipseLogger - Copying 0 resource
2016-08-04 14:25:43,412 [Worker-14] INFO  o.e.m.c.i.embedder.EclipseLogger - Copying 0 resource
2016-08-04 14:25:43,414 [Worker-14] INFO  o.e.m.c.i.embedder.EclipseLogger - Not copying test resources
2016-08-04 14:26:00,865 [Worker-14] INFO  o.e.m.c.i.embedder.EclipseLogger - Using 'UTF-8' encoding to copy filtered resources.
2016-08-04 14:26:00,865 [Worker-14] INFO  o.e.m.c.i.embedder.EclipseLogger - Copying 0 resource
2016-08-04 14:26:00,865 [Worker-14] INFO  o.e.m.c.i.embedder.EclipseLogger - Copying 0 resource
2016-08-04 14:26:00,867 [Worker-14] INFO  o.e.m.c.i.embedder.EclipseLogger - Not copying test resources
